Started at Ter ago 11 18:01:30 BRT 2020
Processing bdd
Offering bdd to Project Build Discarder
Processing build
Offering build to Project Build Discarder
Processing criar-pasta
Offering criar-pasta to Project Build Discarder
Processing criar-pasta-2
Offering criar-pasta-2 to Project Build Discarder
Processing criar-pasta-3
Offering criar-pasta-3 to Project Build Discarder
Processing criar-pasta-4
Offering criar-pasta-4 to Project Build Discarder
Processing criar-pasta-5
Offering criar-pasta-5 to Project Build Discarder
Processing criar-pasta-6
Offering criar-pasta-6 to Project Build Discarder
Processing dev
Offering dev to Project Build Discarder
Processing prod
Offering prod to Project Build Discarder
Processing qa
Offering qa to Project Build Discarder
Processing tdd
Offering tdd to Project Build Discarder
Finished at Ter ago 11 18:01:30 BRT 2020. 10ms
